<?xml version="1.0" encoding="UTF-8"?>
<robot rpa="false" generated="20190315 11:38:33.301" generator="Robot 3.1.1 (Python 2.7.6 on linux2)">
<suite source="/home/amit/work/WebDemo/login_tests/invalid_login.robot" id="s1" name="Invalid Login">
<kw type="setup" name="Open Browser To Login Page" library="resource">
<kw name="Open Browser" library="SeleniumLibrary">
<doc>Opens a new browser instance to the given ``url``.</doc>
<arguments>
<arg>${LOGIN URL}</arg>
<arg>${BROWSER}</arg>
</arguments>
<msg timestamp="20190315 11:38:33.399" level="INFO">Opening browser 'Firefox' to base url 'http://localhost:7272/'.</msg>
<kw name="Capture Page Screenshot" library="SeleniumLibrary">
<doc>Takes screenshot of the current page and embeds it into log file.</doc>
<msg timestamp="20190315 11:38:33.405" level="INFO">Cannot capture screenshot because no browser is open.</msg>
<status status="PASS" endtime="20190315 11:38:33.405" starttime="20190315 11:38:33.405"></status>
</kw>
<msg timestamp="20190315 11:38:33.406" level="FAIL">WebDriverException: Message: 'geckodriver' executable needs to be in PATH. 
</msg>
<status status="FAIL" endtime="20190315 11:38:33.406" starttime="20190315 11:38:33.399"></status>
</kw>
<status status="FAIL" endtime="20190315 11:38:33.406" starttime="20190315 11:38:33.398"></status>
</kw>
<test id="s1-t1" name="Invalid Username">
<status status="FAIL" endtime="20190315 11:38:33.407" critical="yes" starttime="20190315 11:38:33.406">Parent suite setup failed:
WebDriverException: Message: 'geckodriver' executable needs to be in PATH. 
</status>
</test>
<test id="s1-t2" name="Invalid Password">
<status status="FAIL" endtime="20190315 11:38:33.408" critical="yes" starttime="20190315 11:38:33.407">Parent suite setup failed:
WebDriverException: Message: 'geckodriver' executable needs to be in PATH. 
</status>
</test>
<test id="s1-t3" name="Invalid Username And Password">
<status status="FAIL" endtime="20190315 11:38:33.408" critical="yes" starttime="20190315 11:38:33.408">Parent suite setup failed:
WebDriverException: Message: 'geckodriver' executable needs to be in PATH. 
</status>
</test>
<test id="s1-t4" name="Empty Username">
<status status="FAIL" endtime="20190315 11:38:33.409" critical="yes" starttime="20190315 11:38:33.409">Parent suite setup failed:
WebDriverException: Message: 'geckodriver' executable needs to be in PATH. 
</status>
</test>
<test id="s1-t5" name="Empty Password">
<status status="FAIL" endtime="20190315 11:38:33.410" critical="yes" starttime="20190315 11:38:33.410">Parent suite setup failed:
WebDriverException: Message: 'geckodriver' executable needs to be in PATH. 
</status>
</test>
<test id="s1-t6" name="Empty Username And Password">
<status status="FAIL" endtime="20190315 11:38:33.411" critical="yes" starttime="20190315 11:38:33.410">Parent suite setup failed:
WebDriverException: Message: 'geckodriver' executable needs to be in PATH. 
</status>
</test>
<kw type="teardown" name="Close Browser" library="SeleniumLibrary">
<doc>Closes the current browser.</doc>
<status status="PASS" endtime="20190315 11:38:33.413" starttime="20190315 11:38:33.412"></status>
</kw>
<doc>A test suite containing tests related to invalid login.

These tests are data-driven by their nature. They use a single
keyword, specified with Test Template setting, that is called
with different arguments to cover different scenarios.

This suite also demonstrates using setups and teardowns in
different levels.</doc>
<status status="FAIL" endtime="20190315 11:38:33.413" starttime="20190315 11:38:33.302">Suite setup failed:
WebDriverException: Message: 'geckodriver' executable needs to be in PATH. 
</status>
</suite>
<statistics>
<total>
<stat fail="6" pass="0">Critical Tests</stat>
<stat fail="6" pass="0">All Tests</stat>
</total>
<tag>
</tag>
<suite>
<stat fail="6" id="s1" name="Invalid Login" pass="0">Invalid Login</stat>
</suite>
</statistics>
<errors>
</errors>
</robot>
